TN:
SF:/Users/ens/pwd/uxcore/uxcore-totop/src/index.js
FNF:0
FNH:0
DA:11,1
LF:1
LH:1
BRF:0
BRH:0
end_of_record
TN:
SF:/Users/ens/pwd/uxcore/uxcore-totop/src/Totop.jsx
FN:3,_defaults
FN:5,_defineProperty
FN:7,_classCallCheck
FN:9,_possibleConstructorReturn
FN:11,_inherits
FN:30,(anonymous_6)
FN:33,Totop
FN:44,componentDidMount
FN:47,(anonymous_9)
FN:61,componentDidUpdate
FN:65,componentWillUnmount
FN:74,getContainer
FN:82,handleGotopClick
FN:87,removeContainer
FN:103,scrollTo
FN:114,(anonymous_16)
FN:121,getComponent
FN:136,onClick
FN:145,renderComponent
FN:148,fallback
FN:153,render
FN:165,onTotopEnd
FNF:22
FNH:21
FNDA:0,_defaults
FNDA:68,_defineProperty
FNDA:5,_classCallCheck
FNDA:5,_possibleConstructorReturn
FNDA:1,_inherits
FNDA:1,(anonymous_6)
FNDA:5,Totop
FNDA:5,componentDidMount
FNDA:267,(anonymous_9)
FNDA:10,componentDidUpdate
FNDA:1,componentWillUnmount
FNDA:15,getContainer
FNDA:1,handleGotopClick
FNDA:1,removeContainer
FNDA:183,scrollTo
FNDA:180,(anonymous_16)
FNDA:17,getComponent
FNDA:1,onClick
FNDA:15,renderComponent
FNDA:15,fallback
FNDA:15,render
FNDA:1,onTotopEnd
DA:3,1
DA:5,68
DA:7,5
DA:9,5
DA:11,1
DA:21,1
DA:22,1
DA:23,1
DA:24,1
DA:25,1
DA:26,1
DA:27,1
DA:28,1
DA:30,1
DA:31,1
DA:33,1
DA:34,5
DA:36,5
DA:38,5
DA:41,5
DA:44,1
DA:45,5
DA:46,5
DA:47,5
DA:48,267
DA:49,267
DA:50,7
DA:53,260
DA:54,3
DA:61,1
DA:62,10
DA:65,1
DA:66,1
DA:67,1
DA:68,1
DA:69,1
DA:71,1
DA:74,1
DA:75,15
DA:76,5
DA:77,5
DA:79,15
DA:82,1
DA:83,1
DA:84,1
DA:87,1
DA:88,1
DA:89,1
DA:90,1
DA:91,1
DA:92,1
DA:103,1
DA:104,183
DA:105,183
DA:106,3
DA:107,3
DA:109,3
DA:111,180
DA:112,180
DA:113,180
DA:114,180
DA:115,180
DA:116,180
DA:117,180
DA:121,1
DA:122,17
DA:125,17
DA:126,17
DA:137,1
DA:145,1
DA:146,15
DA:147,15
DA:148,15
DA:149,15
DA:153,1
DA:154,15
DA:157,1
DA:160,1
DA:169,1
DA:179,1
DA:181,1
DA:183,1
LF:82
LH:82
BRDA:3,1,0,0
BRDA:3,1,1,0
BRDA:3,2,0,0
BRDA:3,2,1,0
BRDA:3,2,2,0
BRDA:5,3,0,17
BRDA:5,3,1,51
BRDA:7,4,0,0
BRDA:7,4,1,5
BRDA:9,5,0,0
BRDA:9,5,1,5
BRDA:9,6,0,0
BRDA:9,6,1,5
BRDA:9,7,0,5
BRDA:9,7,1,0
BRDA:9,7,2,0
BRDA:11,8,0,0
BRDA:11,8,1,1
BRDA:11,9,0,1
BRDA:11,9,1,0
BRDA:11,10,0,1
BRDA:11,10,1,1
BRDA:11,11,0,1
BRDA:11,11,1,0
BRDA:11,12,0,1
BRDA:11,12,1,0
BRDA:49,13,0,7
BRDA:49,13,1,260
BRDA:49,14,0,267
BRDA:49,14,1,261
BRDA:53,15,0,3
BRDA:53,15,1,257
BRDA:53,16,0,260
BRDA:53,16,1,6
BRDA:68,17,0,1
BRDA:68,17,1,0
BRDA:75,18,0,5
BRDA:75,18,1,10
BRDA:76,19,0,5
BRDA:76,19,1,5
BRDA:88,20,0,1
BRDA:88,20,1,0
BRDA:105,21,0,3
BRDA:105,21,1,180
BRDA:106,22,0,3
BRDA:106,22,1,0
BRDA:116,23,0,1
BRDA:116,23,1,179
BRF:48
BRH:31
end_of_record
TN:
SF:/Users/ens/pwd/uxcore/uxcore-totop/src/TotopBox.jsx
FN:3,_defineProperty
FN:8,TotopBox
FN:50,onClick
FNF:3
FNH:2
FNDA:5,_defineProperty
FNDA:4,TotopBox
FNDA:0,onClick
DA:3,5
DA:5,1
DA:6,1
DA:8,1
DA:9,4
DA:10,4
DA:11,4
DA:12,1
DA:14,4
DA:37,1
DA:39,1
DA:46,1
DA:53,1
LF:13
LH:13
BRDA:3,1,0,0
BRDA:3,1,1,5
BRDA:10,2,0,4
BRDA:10,2,1,1
BRDA:10,2,2,1
BRDA:11,3,0,1
BRDA:11,3,1,3
BRDA:30,4,0,4
BRDA:30,4,1,1
BRF:9
BRH:8
end_of_record
TN:
SF:/Users/ens/pwd/uxcore/uxcore-totop/src/ToTopDefaultBox.jsx
FN:9,ToTopDefaultBox
FN:38,ooClick
FNF:2
FNH:1
FNDA:17,ToTopDefaultBox
FNDA:0,ooClick
DA:3,1
DA:6,1
DA:7,1
DA:9,1
DA:10,17
DA:31,1
DA:36,1
DA:41,1
DA:42,1
LF:9
LH:9
BRF:0
BRH:0
end_of_record
TN:
SF:/Users/ens/pwd/uxcore/uxcore-totop/src/util.js
FN:8,setWindowScrollY
FN:14,getWindowScrollY
FN:28,defaultGetContainer
FNF:3
FNH:3
FNDA:182,setWindowScrollY
FNDA:449,getWindowScrollY
FNDA:5,defaultGetContainer
DA:3,1
DA:8,1
DA:9,182
DA:10,182
DA:14,1
DA:15,449
DA:17,448
DA:18,1
DA:20,0
DA:21,1
DA:23,0
DA:25,1
DA:28,1
DA:29,5
DA:30,5
DA:31,5
DA:34,1
DA:39,1
LF:18
LH:16
BRDA:9,1,0,182
BRDA:9,1,1,0
BRDA:15,2,0,448
BRDA:15,2,1,1
BRDA:18,3,0,0
BRDA:18,3,1,1
BRDA:21,4,0,0
BRDA:21,4,1,1
BRF:8
BRH:5
end_of_record
