TN:
SF:/Users/ens/pwd/uxcore/uxcore-totop/src/index.js
FNF:0
FNH:0
DA:11,1
LF:1
LH:1
BRF:0
BRH:0
end_of_record
TN:
SF:/Users/ens/pwd/uxcore/uxcore-totop/src/Totop.jsx
FN:3,_defaults
FN:5,_defineProperty
FN:7,_classCallCheck
FN:9,_possibleConstructorReturn
FN:11,_inherits
FN:29,(anonymous_6)
FN:32,Totop
FN:43,componentDidMount
FN:45,(anonymous_9)
FN:59,componentWillUnmount
FN:74,scrollTo
FN:81,(anonymous_12)
FN:91,handleGotopClick
FN:96,render
FN:111,onClick
FN:128,onTotopEnd
FNF:16
FNH:14
FNDA:1,_defaults
FNDA:20,_defineProperty
FNDA:5,_classCallCheck
FNDA:5,_possibleConstructorReturn
FNDA:1,_inherits
FNDA:1,(anonymous_6)
FNDA:5,Totop
FNDA:5,componentDidMount
FNDA:0,(anonymous_9)
FNDA:1,componentWillUnmount
FNDA:103,scrollTo
FNDA:100,(anonymous_12)
FNDA:1,handleGotopClick
FNDA:5,render
FNDA:1,onClick
FNDA:0,onTotopEnd
DA:3,5
DA:5,20
DA:7,5
DA:9,5
DA:11,1
DA:21,1
DA:22,1
DA:23,1
DA:24,1
DA:25,1
DA:26,1
DA:27,1
DA:29,1
DA:30,1
DA:32,1
DA:33,5
DA:35,5
DA:37,5
DA:40,5
DA:43,1
DA:44,5
DA:45,5
DA:46,0
DA:47,0
DA:48,0
DA:51,0
DA:52,0
DA:59,1
DA:60,1
DA:61,1
DA:62,1
DA:63,1
DA:74,1
DA:75,103
DA:76,103
DA:77,100
DA:78,100
DA:79,100
DA:81,100
DA:82,100
DA:83,0
DA:84,0
DA:86,100
DA:87,100
DA:91,1
DA:92,1
DA:93,1
DA:96,1
DA:97,5
DA:100,5
DA:101,5
DA:112,1
DA:120,1
DA:123,1
DA:132,1
DA:141,1
DA:143,1
DA:145,1
LF:58
LH:51
BRDA:3,1,0,0
BRDA:3,1,1,5
BRDA:3,2,0,5
BRDA:3,2,1,5
BRDA:3,2,2,0
BRDA:5,3,0,5
BRDA:5,3,1,15
BRDA:7,4,0,0
BRDA:7,4,1,5
BRDA:9,5,0,0
BRDA:9,5,1,5
BRDA:9,6,0,0
BRDA:9,6,1,5
BRDA:9,7,0,5
BRDA:9,7,1,0
BRDA:9,7,2,0
BRDA:11,8,0,0
BRDA:11,8,1,1
BRDA:11,9,0,1
BRDA:11,9,1,0
BRDA:11,10,0,1
BRDA:11,10,1,1
BRDA:11,11,0,1
BRDA:11,11,1,0
BRDA:11,12,0,0
BRDA:11,12,1,1
BRDA:47,13,0,0
BRDA:47,13,1,0
BRDA:47,14,0,0
BRDA:47,14,1,0
BRDA:51,15,0,0
BRDA:51,15,1,0
BRDA:51,16,0,0
BRDA:51,16,1,0
BRDA:62,17,0,1
BRDA:62,17,1,0
BRDA:76,18,0,3
BRDA:76,18,1,100
BRDA:82,19,0,0
BRDA:82,19,1,100
BRF:40
BRH:19
end_of_record
TN:
SF:/Users/ens/pwd/uxcore/uxcore-totop/src/TotopBox.jsx
FN:3,_defineProperty
FN:8,TotopBox
FN:50,onClick
FNF:3
FNH:2
FNDA:5,_defineProperty
FNDA:4,TotopBox
FNDA:0,onClick
DA:3,5
DA:5,1
DA:6,1
DA:8,1
DA:9,4
DA:10,4
DA:11,4
DA:12,1
DA:14,4
DA:37,1
DA:39,1
DA:46,1
DA:53,1
LF:13
LH:13
BRDA:3,1,0,0
BRDA:3,1,1,5
BRDA:10,2,0,4
BRDA:10,2,1,1
BRDA:10,2,2,1
BRDA:11,3,0,1
BRDA:11,3,1,3
BRDA:30,4,0,4
BRDA:30,4,1,1
BRF:9
BRH:8
end_of_record
TN:
SF:/Users/ens/pwd/uxcore/uxcore-totop/src/ToTopDefaultBox.jsx
FN:9,ToTopDefaultBox
FN:38,ooClick
FNF:2
FNH:1
FNDA:5,ToTopDefaultBox
FNDA:0,ooClick
DA:3,1
DA:6,1
DA:7,1
DA:9,1
DA:10,5
DA:31,1
DA:36,1
DA:41,1
DA:42,1
LF:9
LH:9
BRF:0
BRH:0
end_of_record
TN:
SF:/Users/ens/pwd/uxcore/uxcore-totop/src/util.js
FN:8,setWindowScrollY
FN:14,getWindowScrollY
FNF:2
FNH:2
FNDA:102,setWindowScrollY
FNDA:100,getWindowScrollY
DA:3,1
DA:8,1
DA:9,102
DA:10,102
DA:14,1
DA:15,100
DA:17,0
DA:18,100
DA:20,0
DA:21,100
DA:23,0
DA:25,100
DA:28,1
DA:32,1
LF:14
LH:11
BRDA:9,1,0,102
BRDA:9,1,1,0
BRDA:15,2,0,0
BRDA:15,2,1,100
BRDA:18,3,0,0
BRDA:18,3,1,100
BRDA:21,4,0,0
BRDA:21,4,1,100
BRF:8
BRH:4
end_of_record
